[debug] [2021-04-01T03:11:48.507Z] ----------------------------------------------------------------------
[debug] [2021-04-01T03:11:48.509Z] Command:       /Users/dontrellwashington/.nvm/versions/node/v14.16.0/bin/node /Users/dontrellwashington/.nvm/versions/node/v14.16.0/bin/firebase emulators:start --only functions
[debug] [2021-04-01T03:11:48.509Z] CLI Version:   9.8.0
[debug] [2021-04-01T03:11:48.509Z] Platform:      darwin
[debug] [2021-04-01T03:11:48.509Z] Node Version:  v14.16.0
[debug] [2021-04-01T03:11:48.511Z] Time:          Wed Mar 31 2021 20:11:48 GMT-0700 (Pacific Daylight Time)
[debug] [2021-04-01T03:11:48.511Z] ----------------------------------------------------------------------
[debug] 
[debug] [2021-04-01T03:11:48.519Z] > command requires scopes: ["email","openid","https://www.googleapis.com/auth/cloudplatformprojects.readonly","https://www.googleapis.com/auth/firebase","https://www.googleapis.com/auth/cloud-platform"]
[debug] [2021-04-01T03:11:48.520Z] > authorizing via signed-in user
[info] i  emulators: Starting emulators: functions {"metadata":{"emulator":{"name":"hub"},"message":"Starting emulators: functions"}}
[debug] [2021-04-01T03:11:48.561Z] [hub] writing locator at /var/folders/67/dcb8ynkd4j5b_hlshf8l5n880000gn/T/hub-mealstogo-f924a.json
[warn] ⚠  functions: The following emulators are not running, calls to these services from the Functions emulator will affect production: auth, firestore, database, hosting, pubsub {"metadata":{"emulator":{"name":"functions"},"message":"The following emulators are not running, calls to these services from the Functions emulator will affect production: \u001b[1mauth, firestore, database, hosting, pubsub\u001b[22m"}}
[info] ✔  functions: Using node@14 from host. {"metadata":{"emulator":{"name":"functions"},"message":"Using node@14 from host."}}
[debug] [2021-04-01T03:11:48.595Z] defaultcredentials: writing to file /Users/dontrellwashington/.config/firebase/dontrellknight_gmail_com_application_default_credentials.json
[debug] [2021-04-01T03:11:48.597Z] Setting GAC to /Users/dontrellwashington/.config/firebase/dontrellknight_gmail_com_application_default_credentials.json {"metadata":{"emulator":{"name":"functions"},"message":"Setting GAC to /Users/dontrellwashington/.config/firebase/dontrellknight_gmail_com_application_default_credentials.json"}}
[debug] [2021-04-01T03:11:48.599Z] > refreshing access token with scopes: []
[debug] [2021-04-01T03:11:48.600Z] >>> HTTP REQUEST POST https://www.googleapis.com/oauth2/v3/token  
 <request body omitted>
[debug] [2021-04-01T03:11:48.788Z] <<< HTTP RESPONSE 200 {"date":"Thu, 01 Apr 2021 03:11:48 GMT","pragma":"no-cache","expires":"Mon, 01 Jan 1990 00:00:00 GMT","cache-control":"no-cache, no-store, max-age=0, must-revalidate","content-type":"application/json; charset=utf-8","vary":"X-Origin, Referer, Origin,Accept-Encoding","server":"scaffolding on HTTPServer2","x-xss-protection":"0","x-frame-options":"SAMEORIGIN","x-content-type-options":"nosniff","alt-svc":"h3-29=\":443\"; ma=2592000,h3-T051=\":443\"; ma=2592000,h3-Q050=\":443\"; ma=2592000,h3-Q046=\":443\"; ma=2592000,h3-Q043=\":443\"; ma=2592000,quic=\":443\"; ma=2592000; v=\"46,43\"","accept-ranges":"none","transfer-encoding":"chunked"}
[debug] [2021-04-01T03:11:48.806Z] >>> [apiv2][query] GET https://firebase.googleapis.com/v1beta1/projects/mealstogo-f924a/adminSdkConfig [none]
[debug] [2021-04-01T03:11:49.040Z] <<< [apiv2][status] GET https://firebase.googleapis.com/v1beta1/projects/mealstogo-f924a/adminSdkConfig 200
[debug] [2021-04-01T03:11:49.040Z] <<< [apiv2][body] GET https://firebase.googleapis.com/v1beta1/projects/mealstogo-f924a/adminSdkConfig {"projectId":"mealstogo-f924a","storageBucket":"mealstogo-f924a.appspot.com"}
[info] i  ui: downloading ui-v1.4.2.zip... {"metadata":{"emulator":{"name":"ui"},"message":"downloading ui-v1.4.2.zip..."}}
[debug] [2021-04-01T03:11:49.585Z] >>> [apiv2][query] GET https://storage.googleapis.com/firebase-preview-drop/emulator/ui-v1.4.2.zip 
[debug] [2021-04-01T03:11:49.725Z] <<< [apiv2][status] GET https://storage.googleapis.com/firebase-preview-drop/emulator/ui-v1.4.2.zip 200
[debug] [2021-04-01T03:11:49.726Z] <<< [apiv2][body] GET https://storage.googleapis.com/firebase-preview-drop/emulator/ui-v1.4.2.zip [stream]
[debug] [2021-04-01T03:11:50.156Z] Ignoring unsupported arg: auto_download {"metadata":{"emulator":{"name":"ui"},"message":"Ignoring unsupported arg: auto_download"}}
[debug] [2021-04-01T03:11:50.156Z] Ignoring unsupported arg: port {"metadata":{"emulator":{"name":"ui"},"message":"Ignoring unsupported arg: port"}}
[debug] [2021-04-01T03:11:50.156Z] Starting Emulator UI with command {"binary":"node","args":["/Users/dontrellwashington/.cache/firebase/emulators/ui-v1.4.2/server.bundle.js"],"optionalArgs":[],"joinArgs":false} {"metadata":{"emulator":{"name":"ui"},"message":"Starting Emulator UI with command {\"binary\":\"node\",\"args\":[\"/Users/dontrellwashington/.cache/firebase/emulators/ui-v1.4.2/server.bundle.js\"],\"optionalArgs\":[],\"joinArgs\":false}"}}
[info] i  ui: Emulator UI logging to ui-debug.log {"metadata":{"emulator":{"name":"ui"},"message":"Emulator UI logging to \u001b[1mui-debug.log\u001b[22m"}}
[debug] [2021-04-01T03:11:50.268Z] Web / API server started at http://localhost:4000
 {"metadata":{"emulator":{"name":"ui"},"message":"Web / API server started at http://localhost:4000\n"}}
[info] i  functions: Watching "/Users/dontrellwashington/Documents/react-native/projects/MealsToGo/functions" for Cloud Functions... {"metadata":{"emulator":{"name":"functions"},"message":"Watching \"/Users/dontrellwashington/Documents/react-native/projects/MealsToGo/functions\" for Cloud Functions..."}}
[debug] [2021-04-01T03:11:50.430Z] [worker-pool] addWorker(~diagnostic~) {"metadata":{"emulator":{"name":"functions"},"message":"[worker-pool] addWorker(~diagnostic~)"}}
[debug] [2021-04-01T03:11:50.430Z] [worker-pool] Adding worker with key ~diagnostic~, total=1 {"metadata":{"emulator":{"name":"functions"},"message":"[worker-pool] Adding worker with key ~diagnostic~, total=1"}}
[debug] [2021-04-01T03:11:50.430Z] [worker-pool] submitWork(triggerId=) {"metadata":{"emulator":{"name":"functions"},"message":"[worker-pool] submitWork(triggerId=)"}}
[debug] [2021-04-01T03:11:50.431Z] [worker-~diagnostic~-32f553f9-be46-4d4f-9381-8e2bedecf618]: Assigning socketPath: /var/folders/67/dcb8ynkd4j5b_hlshf8l5n880000gn/T/fire_emu_27509.sock {"metadata":{"emulator":{"name":"functions"},"message":"[worker-~diagnostic~-32f553f9-be46-4d4f-9381-8e2bedecf618]: Assigning socketPath: /var/folders/67/dcb8ynkd4j5b_hlshf8l5n880000gn/T/fire_emu_27509.sock"}}
[debug] [2021-04-01T03:11:50.431Z] [worker-~diagnostic~-32f553f9-be46-4d4f-9381-8e2bedecf618]: BUSY {"metadata":{"emulator":{"name":"functions"},"message":"[worker-~diagnostic~-32f553f9-be46-4d4f-9381-8e2bedecf618]: BUSY"}}
[debug] [2021-04-01T03:11:50.613Z] [runtime-status] [27509] Functions runtime initialized. {"cwd":"/Users/dontrellwashington/Documents/react-native/projects/MealsToGo/functions","node_version":"14.16.0"} {"metadata":{"emulator":{"name":"functions"},"message":"[runtime-status] [27509] Functions runtime initialized. {\"cwd\":\"/Users/dontrellwashington/Documents/react-native/projects/MealsToGo/functions\",\"node_version\":\"14.16.0\"}"}}
[debug] [2021-04-01T03:11:50.614Z] [runtime-status] [27509] Disabled runtime features: undefined {"metadata":{"emulator":{"name":"functions"},"message":"[runtime-status] [27509] Disabled runtime features: undefined"}}
[debug] [2021-04-01T03:11:50.619Z] [runtime-status] [27509] Resolved module firebase-admin {"declared":true,"installed":true,"version":"9.6.0","resolution":"/Users/dontrellwashington/Documents/react-native/projects/MealsToGo/functions/node_modules/firebase-admin/lib/index.js"} {"metadata":{"emulator":{"name":"functions"},"message":"[runtime-status] [27509] Resolved module firebase-admin {\"declared\":true,\"installed\":true,\"version\":\"9.6.0\",\"resolution\":\"/Users/dontrellwashington/Documents/react-native/projects/MealsToGo/functions/node_modules/firebase-admin/lib/index.js\"}"}}
[debug] [2021-04-01T03:11:50.619Z] [runtime-status] [27509] Resolved module firebase-functions {"declared":true,"installed":true,"version":"3.13.2","resolution":"/Users/dontrellwashington/Documents/react-native/projects/MealsToGo/functions/node_modules/firebase-functions/lib/index.js"} {"metadata":{"emulator":{"name":"functions"},"message":"[runtime-status] [27509] Resolved module firebase-functions {\"declared\":true,\"installed\":true,\"version\":\"3.13.2\",\"resolution\":\"/Users/dontrellwashington/Documents/react-native/projects/MealsToGo/functions/node_modules/firebase-functions/lib/index.js\"}"}}
[debug] [2021-04-01T03:11:50.627Z] [runtime-status] [27509] Resolved module firebase-functions {"declared":true,"installed":true,"version":"3.13.2","resolution":"/Users/dontrellwashington/Documents/react-native/projects/MealsToGo/functions/node_modules/firebase-functions/lib/index.js"} {"metadata":{"emulator":{"name":"functions"},"message":"[runtime-status] [27509] Resolved module firebase-functions {\"declared\":true,\"installed\":true,\"version\":\"3.13.2\",\"resolution\":\"/Users/dontrellwashington/Documents/react-native/projects/MealsToGo/functions/node_modules/firebase-functions/lib/index.js\"}"}}
[debug] [2021-04-01T03:11:50.628Z] [runtime-status] [27509] Outgoing network have been stubbed. [{"name":"http","status":"mocked"},{"name":"http","status":"mocked"},{"name":"https","status":"mocked"},{"name":"https","status":"mocked"},{"name":"net","status":"mocked"}] {"metadata":{"emulator":{"name":"functions"},"message":"[runtime-status] [27509] Outgoing network have been stubbed. [{\"name\":\"http\",\"status\":\"mocked\"},{\"name\":\"http\",\"status\":\"mocked\"},{\"name\":\"https\",\"status\":\"mocked\"},{\"name\":\"https\",\"status\":\"mocked\"},{\"name\":\"net\",\"status\":\"mocked\"}]"}}
[debug] [2021-04-01T03:11:50.631Z] [runtime-status] [27509] Resolved module firebase-functions {"declared":true,"installed":true,"version":"3.13.2","resolution":"/Users/dontrellwashington/Documents/react-native/projects/MealsToGo/functions/node_modules/firebase-functions/lib/index.js"} {"metadata":{"emulator":{"name":"functions"},"message":"[runtime-status] [27509] Resolved module firebase-functions {\"declared\":true,\"installed\":true,\"version\":\"3.13.2\",\"resolution\":\"/Users/dontrellwashington/Documents/react-native/projects/MealsToGo/functions/node_modules/firebase-functions/lib/index.js\"}"}}
[debug] [2021-04-01T03:11:50.681Z] [runtime-status] [27509] Checked functions.config() {"config":{}} {"metadata":{"emulator":{"name":"functions"},"message":"[runtime-status] [27509] Checked functions.config() {\"config\":{}}"}}
[debug] [2021-04-01T03:11:50.681Z] [runtime-status] [27509] firebase-functions has been stubbed. {"functionsResolution":{"declared":true,"installed":true,"version":"3.13.2","resolution":"/Users/dontrellwashington/Documents/react-native/projects/MealsToGo/functions/node_modules/firebase-functions/lib/index.js"}} {"metadata":{"emulator":{"name":"functions"},"message":"[runtime-status] [27509] firebase-functions has been stubbed. {\"functionsResolution\":{\"declared\":true,\"installed\":true,\"version\":\"3.13.2\",\"resolution\":\"/Users/dontrellwashington/Documents/react-native/projects/MealsToGo/functions/node_modules/firebase-functions/lib/index.js\"}}"}}
[debug] [2021-04-01T03:11:50.681Z] [runtime-status] [27509] Resolved module firebase-functions {"declared":true,"installed":true,"version":"3.13.2","resolution":"/Users/dontrellwashington/Documents/react-native/projects/MealsToGo/functions/node_modules/firebase-functions/lib/index.js"} {"metadata":{"emulator":{"name":"functions"},"message":"[runtime-status] [27509] Resolved module firebase-functions {\"declared\":true,\"installed\":true,\"version\":\"3.13.2\",\"resolution\":\"/Users/dontrellwashington/Documents/react-native/projects/MealsToGo/functions/node_modules/firebase-functions/lib/index.js\"}"}}
[debug] [2021-04-01T03:11:50.682Z] [runtime-status] [27509] Resolved module firebase-admin {"declared":true,"installed":true,"version":"9.6.0","resolution":"/Users/dontrellwashington/Documents/react-native/projects/MealsToGo/functions/node_modules/firebase-admin/lib/index.js"} {"metadata":{"emulator":{"name":"functions"},"message":"[runtime-status] [27509] Resolved module firebase-admin {\"declared\":true,\"installed\":true,\"version\":\"9.6.0\",\"resolution\":\"/Users/dontrellwashington/Documents/react-native/projects/MealsToGo/functions/node_modules/firebase-admin/lib/index.js\"}"}}
[debug] [2021-04-01T03:11:50.683Z] [runtime-status] [27509] Resolved module firebase-functions {"declared":true,"installed":true,"version":"3.13.2","resolution":"/Users/dontrellwashington/Documents/react-native/projects/MealsToGo/functions/node_modules/firebase-functions/lib/index.js"} {"metadata":{"emulator":{"name":"functions"},"message":"[runtime-status] [27509] Resolved module firebase-functions {\"declared\":true,\"installed\":true,\"version\":\"3.13.2\",\"resolution\":\"/Users/dontrellwashington/Documents/react-native/projects/MealsToGo/functions/node_modules/firebase-functions/lib/index.js\"}"}}
[debug] [2021-04-01T03:11:50.683Z] [runtime-status] [27509] firebase-admin has been stubbed. {"adminResolution":{"declared":true,"installed":true,"version":"9.6.0","resolution":"/Users/dontrellwashington/Documents/react-native/projects/MealsToGo/functions/node_modules/firebase-admin/lib/index.js"}} {"metadata":{"emulator":{"name":"functions"},"message":"[runtime-status] [27509] firebase-admin has been stubbed. {\"adminResolution\":{\"declared\":true,\"installed\":true,\"version\":\"9.6.0\",\"resolution\":\"/Users/dontrellwashington/Documents/react-native/projects/MealsToGo/functions/node_modules/firebase-admin/lib/index.js\"}}"}}
[info] ✔  functions[geocode]: http function initialized (http://localhost:5001/mealstogo-f924a/us-central1/geocode). {"metadata":{"emulator":{"name":"functions"},"message":"\u001b[1mhttp\u001b[22m function initialized (http://localhost:5001/mealstogo-f924a/us-central1/geocode)."}}
[info] 
┌─────────────────────────────────────────────────────────────┐
│ ✔  All emulators ready! It is now safe to connect your app. │
│ i  View Emulator UI at http://localhost:4000                │
└─────────────────────────────────────────────────────────────┘

┌───────────┬────────────────┬─────────────────────────────────┐
│ Emulator  │ Host:Port      │ View in Emulator UI             │
├───────────┼────────────────┼─────────────────────────────────┤
│ Functions │ localhost:5001 │ http://localhost:4000/functions │
└───────────┴────────────────┴─────────────────────────────────┘
  Emulator Hub running at localhost:4400
  Other reserved ports: 4500

Issues? Report them at https://github.com/firebase/firebase-tools/issues and attach the *-debug.log files.
 
[debug] [2021-04-01T03:11:50.690Z] [worker-~diagnostic~-32f553f9-be46-4d4f-9381-8e2bedecf618]: IDLE {"metadata":{"emulator":{"name":"functions"},"message":"[worker-~diagnostic~-32f553f9-be46-4d4f-9381-8e2bedecf618]: IDLE"}}
[debug] [2021-04-01T03:15:19.947Z] [work-queue] {"queueLength":1,"workRunningCount":0}
[debug] [2021-04-01T03:15:19.947Z] [work-queue] {"queueLength":0,"workRunningCount":1}
[debug] [2021-04-01T03:15:19.948Z] Accepted request GET /mealstogo-f924a/us-central1/geocode?city=${miami} --> geocode
[debug] [2021-04-01T03:15:19.953Z] [worker-pool] addWorker(geocode) {"metadata":{"emulator":{"name":"functions"},"message":"[worker-pool] addWorker(geocode)"}}
[debug] [2021-04-01T03:15:19.953Z] [worker-pool] Adding worker with key geocode, total=1 {"metadata":{"emulator":{"name":"functions"},"message":"[worker-pool] Adding worker with key geocode, total=1"}}
[debug] [2021-04-01T03:15:19.953Z] [worker-pool] submitWork(triggerId=geocode) {"metadata":{"emulator":{"name":"functions"},"message":"[worker-pool] submitWork(triggerId=geocode)"}}
[debug] [2021-04-01T03:15:19.953Z] [worker-geocode-4bd4b254-6bb9-4bba-b6ef-c4d0f4838e6e]: Assigning socketPath: /var/folders/67/dcb8ynkd4j5b_hlshf8l5n880000gn/T/fire_emu_29126.sock {"metadata":{"emulator":{"name":"functions"},"message":"[worker-geocode-4bd4b254-6bb9-4bba-b6ef-c4d0f4838e6e]: Assigning socketPath: /var/folders/67/dcb8ynkd4j5b_hlshf8l5n880000gn/T/fire_emu_29126.sock"}}
[debug] [2021-04-01T03:15:19.954Z] [worker-geocode-4bd4b254-6bb9-4bba-b6ef-c4d0f4838e6e]: BUSY {"metadata":{"emulator":{"name":"functions"},"message":"[worker-geocode-4bd4b254-6bb9-4bba-b6ef-c4d0f4838e6e]: BUSY"}}
[debug] [2021-04-01T03:15:20.144Z] [runtime-status] [29126] Functions runtime initialized. {"cwd":"/Users/dontrellwashington/Documents/react-native/projects/MealsToGo/functions","node_version":"14.16.0"} {"metadata":{"emulator":{"name":"functions"},"function":{"name":"geocode"},"message":"[runtime-status] [29126] Functions runtime initialized. {\"cwd\":\"/Users/dontrellwashington/Documents/react-native/projects/MealsToGo/functions\",\"node_version\":\"14.16.0\"}"}}
[debug] [2021-04-01T03:15:20.147Z] [runtime-status] [29126] Disabled runtime features: undefined {"metadata":{"emulator":{"name":"functions"},"function":{"name":"geocode"},"message":"[runtime-status] [29126] Disabled runtime features: undefined"}}
[debug] [2021-04-01T03:15:20.149Z] [runtime-status] [29126] Resolved module firebase-admin {"declared":true,"installed":true,"version":"9.6.0","resolution":"/Users/dontrellwashington/Documents/react-native/projects/MealsToGo/functions/node_modules/firebase-admin/lib/index.js"} {"metadata":{"emulator":{"name":"functions"},"function":{"name":"geocode"},"message":"[runtime-status] [29126] Resolved module firebase-admin {\"declared\":true,\"installed\":true,\"version\":\"9.6.0\",\"resolution\":\"/Users/dontrellwashington/Documents/react-native/projects/MealsToGo/functions/node_modules/firebase-admin/lib/index.js\"}"}}
[debug] [2021-04-01T03:15:20.150Z] [runtime-status] [29126] Resolved module firebase-functions {"declared":true,"installed":true,"version":"3.13.2","resolution":"/Users/dontrellwashington/Documents/react-native/projects/MealsToGo/functions/node_modules/firebase-functions/lib/index.js"} {"metadata":{"emulator":{"name":"functions"},"function":{"name":"geocode"},"message":"[runtime-status] [29126] Resolved module firebase-functions {\"declared\":true,\"installed\":true,\"version\":\"3.13.2\",\"resolution\":\"/Users/dontrellwashington/Documents/react-native/projects/MealsToGo/functions/node_modules/firebase-functions/lib/index.js\"}"}}
[debug] [2021-04-01T03:15:20.152Z] [runtime-status] [29126] Resolved module firebase-functions {"declared":true,"installed":true,"version":"3.13.2","resolution":"/Users/dontrellwashington/Documents/react-native/projects/MealsToGo/functions/node_modules/firebase-functions/lib/index.js"} {"metadata":{"emulator":{"name":"functions"},"function":{"name":"geocode"},"message":"[runtime-status] [29126] Resolved module firebase-functions {\"declared\":true,\"installed\":true,\"version\":\"3.13.2\",\"resolution\":\"/Users/dontrellwashington/Documents/react-native/projects/MealsToGo/functions/node_modules/firebase-functions/lib/index.js\"}"}}
[debug] [2021-04-01T03:15:20.154Z] [runtime-status] [29126] Outgoing network have been stubbed. [{"name":"http","status":"mocked"},{"name":"http","status":"mocked"},{"name":"https","status":"mocked"},{"name":"https","status":"mocked"},{"name":"net","status":"mocked"}] {"metadata":{"emulator":{"name":"functions"},"function":{"name":"geocode"},"message":"[runtime-status] [29126] Outgoing network have been stubbed. [{\"name\":\"http\",\"status\":\"mocked\"},{\"name\":\"http\",\"status\":\"mocked\"},{\"name\":\"https\",\"status\":\"mocked\"},{\"name\":\"https\",\"status\":\"mocked\"},{\"name\":\"net\",\"status\":\"mocked\"}]"}}
[debug] [2021-04-01T03:15:20.155Z] [runtime-status] [29126] Resolved module firebase-functions {"declared":true,"installed":true,"version":"3.13.2","resolution":"/Users/dontrellwashington/Documents/react-native/projects/MealsToGo/functions/node_modules/firebase-functions/lib/index.js"} {"metadata":{"emulator":{"name":"functions"},"function":{"name":"geocode"},"message":"[runtime-status] [29126] Resolved module firebase-functions {\"declared\":true,\"installed\":true,\"version\":\"3.13.2\",\"resolution\":\"/Users/dontrellwashington/Documents/react-native/projects/MealsToGo/functions/node_modules/firebase-functions/lib/index.js\"}"}}
[debug] [2021-04-01T03:15:20.191Z] [runtime-status] [29126] Checked functions.config() {"config":{}} {"metadata":{"emulator":{"name":"functions"},"function":{"name":"geocode"},"message":"[runtime-status] [29126] Checked functions.config() {\"config\":{}}"}}
[debug] [2021-04-01T03:15:20.192Z] [runtime-status] [29126] firebase-functions has been stubbed. {"functionsResolution":{"declared":true,"installed":true,"version":"3.13.2","resolution":"/Users/dontrellwashington/Documents/react-native/projects/MealsToGo/functions/node_modules/firebase-functions/lib/index.js"}} {"metadata":{"emulator":{"name":"functions"},"function":{"name":"geocode"},"message":"[runtime-status] [29126] firebase-functions has been stubbed. {\"functionsResolution\":{\"declared\":true,\"installed\":true,\"version\":\"3.13.2\",\"resolution\":\"/Users/dontrellwashington/Documents/react-native/projects/MealsToGo/functions/node_modules/firebase-functions/lib/index.js\"}}"}}
[debug] [2021-04-01T03:15:20.192Z] [runtime-status] [29126] Resolved module firebase-functions {"declared":true,"installed":true,"version":"3.13.2","resolution":"/Users/dontrellwashington/Documents/react-native/projects/MealsToGo/functions/node_modules/firebase-functions/lib/index.js"} {"metadata":{"emulator":{"name":"functions"},"function":{"name":"geocode"},"message":"[runtime-status] [29126] Resolved module firebase-functions {\"declared\":true,\"installed\":true,\"version\":\"3.13.2\",\"resolution\":\"/Users/dontrellwashington/Documents/react-native/projects/MealsToGo/functions/node_modules/firebase-functions/lib/index.js\"}"}}
[debug] [2021-04-01T03:15:20.193Z] [runtime-status] [29126] Resolved module firebase-admin {"declared":true,"installed":true,"version":"9.6.0","resolution":"/Users/dontrellwashington/Documents/react-native/projects/MealsToGo/functions/node_modules/firebase-admin/lib/index.js"} {"metadata":{"emulator":{"name":"functions"},"function":{"name":"geocode"},"message":"[runtime-status] [29126] Resolved module firebase-admin {\"declared\":true,\"installed\":true,\"version\":\"9.6.0\",\"resolution\":\"/Users/dontrellwashington/Documents/react-native/projects/MealsToGo/functions/node_modules/firebase-admin/lib/index.js\"}"}}
[debug] [2021-04-01T03:15:20.193Z] [runtime-status] [29126] Resolved module firebase-functions {"declared":true,"installed":true,"version":"3.13.2","resolution":"/Users/dontrellwashington/Documents/react-native/projects/MealsToGo/functions/node_modules/firebase-functions/lib/index.js"} {"metadata":{"emulator":{"name":"functions"},"function":{"name":"geocode"},"message":"[runtime-status] [29126] Resolved module firebase-functions {\"declared\":true,\"installed\":true,\"version\":\"3.13.2\",\"resolution\":\"/Users/dontrellwashington/Documents/react-native/projects/MealsToGo/functions/node_modules/firebase-functions/lib/index.js\"}"}}
[debug] [2021-04-01T03:15:20.193Z] [runtime-status] [29126] firebase-admin has been stubbed. {"adminResolution":{"declared":true,"installed":true,"version":"9.6.0","resolution":"/Users/dontrellwashington/Documents/react-native/projects/MealsToGo/functions/node_modules/firebase-admin/lib/index.js"}} {"metadata":{"emulator":{"name":"functions"},"function":{"name":"geocode"},"message":"[runtime-status] [29126] firebase-admin has been stubbed. {\"adminResolution\":{\"declared\":true,\"installed\":true,\"version\":\"9.6.0\",\"resolution\":\"/Users/dontrellwashington/Documents/react-native/projects/MealsToGo/functions/node_modules/firebase-admin/lib/index.js\"}}"}}
[debug] [2021-04-01T03:15:20.196Z] [runtime-status] [29126] Trigger "geocode" has been found, beginning invocation! {"metadata":{"emulator":{"name":"functions"},"function":{"name":"geocode"},"message":"[runtime-status] [29126] Trigger \"geocode\" has been found, beginning invocation!"}}
[info] i  functions: Beginning execution of "geocode" {"metadata":{"emulator":{"name":"functions"},"function":{"name":"geocode"},"message":"Beginning execution of \"geocode\""}}
[debug] [2021-04-01T03:15:20.197Z] [runtime-status] [29126] triggerDefinition {"httpsTrigger":{},"name":"geocode","entryPoint":"geocode"} {"metadata":{"emulator":{"name":"functions"},"function":{"name":"geocode"},"message":"[runtime-status] [29126] triggerDefinition {\"httpsTrigger\":{},\"name\":\"geocode\",\"entryPoint\":\"geocode\"}"}}
[debug] [2021-04-01T03:15:20.197Z] [runtime-status] [29126] Running geocode in mode HTTPS {"metadata":{"emulator":{"name":"functions"},"function":{"name":"geocode"},"message":"[runtime-status] [29126] Running geocode in mode HTTPS"}}
[debug] [2021-04-01T03:15:20.200Z] [runtime-status] [29126] Attempting to listen to socketPath: /var/folders/67/dcb8ynkd4j5b_hlshf8l5n880000gn/T/fire_emu_29126.sock {"metadata":{"emulator":{"name":"functions"},"function":{"name":"geocode"},"message":"[runtime-status] [29126] Attempting to listen to socketPath: /var/folders/67/dcb8ynkd4j5b_hlshf8l5n880000gn/T/fire_emu_29126.sock"}}
[debug] [2021-04-01T03:15:20.203Z] [functions] Runtime ready! Sending request! {"metadata":{"emulator":{"name":"functions"},"message":"[functions] Runtime ready! Sending request!"}}
[debug] [2021-04-01T03:15:20.204Z] [functions] Got req.url=/mealstogo-f924a/us-central1/geocode?city=${miami}, mapping to path=/?city=${miami} {"metadata":{"emulator":{"name":"functions"},"message":"[functions] Got req.url=/mealstogo-f924a/us-central1/geocode?city=${miami}, mapping to path=/?city=${miami}"}}
[debug] [2021-04-01T03:15:20.212Z] [runtime-status] [29126] Ephemeral server handling GET request {"metadata":{"emulator":{"name":"functions"},"function":{"name":"geocode"},"message":"[runtime-status] [29126] Ephemeral server handling GET request"}}
[debug] [2021-04-01T03:15:20.218Z] [runtime-status] [29126] Ephemeral server survived. {"metadata":{"emulator":{"name":"functions"},"function":{"name":"geocode"},"message":"[runtime-status] [29126] Ephemeral server survived."}}
[info] i  functions: Finished "geocode" in ~1s {"metadata":{"emulator":{"name":"functions"},"function":{"name":"geocode"},"message":"Finished \"geocode\" in ~1s"}}
[debug] [2021-04-01T03:15:20.224Z] [worker-geocode-4bd4b254-6bb9-4bba-b6ef-c4d0f4838e6e]: IDLE {"metadata":{"emulator":{"name":"functions"},"message":"[worker-geocode-4bd4b254-6bb9-4bba-b6ef-c4d0f4838e6e]: IDLE"}}
[debug] [2021-04-01T03:15:20.224Z] [work-queue] {"queueLength":0,"workRunningCount":0}
[debug] [2021-04-01T03:15:20.372Z] Functions emulator received unknown request at path /favicon.ico
[debug] [2021-04-01T03:15:48.089Z] [work-queue] {"queueLength":1,"workRunningCount":0}
[debug] [2021-04-01T03:15:48.089Z] [work-queue] {"queueLength":0,"workRunningCount":1}
[debug] [2021-04-01T03:15:48.090Z] Accepted request GET /mealstogo-f924a/us-central1/geocode?city=san%20francisco --> geocode
[debug] [2021-04-01T03:15:48.090Z] [worker-pool] submitWork(triggerId=geocode) {"metadata":{"emulator":{"name":"functions"},"message":"[worker-pool] submitWork(triggerId=geocode)"}}
[debug] [2021-04-01T03:15:48.090Z] [worker-geocode-4bd4b254-6bb9-4bba-b6ef-c4d0f4838e6e]: Assigning socketPath: /var/folders/67/dcb8ynkd4j5b_hlshf8l5n880000gn/T/fire_emu_29126.sock {"metadata":{"emulator":{"name":"functions"},"message":"[worker-geocode-4bd4b254-6bb9-4bba-b6ef-c4d0f4838e6e]: Assigning socketPath: /var/folders/67/dcb8ynkd4j5b_hlshf8l5n880000gn/T/fire_emu_29126.sock"}}
[debug] [2021-04-01T03:15:48.091Z] [worker-geocode-4bd4b254-6bb9-4bba-b6ef-c4d0f4838e6e]: BUSY {"metadata":{"emulator":{"name":"functions"},"message":"[worker-geocode-4bd4b254-6bb9-4bba-b6ef-c4d0f4838e6e]: BUSY"}}
[debug] [2021-04-01T03:15:48.092Z] [runtime-status] [29126] Trigger "geocode" has been found, beginning invocation! {"metadata":{"emulator":{"name":"functions"},"function":{"name":"geocode"},"message":"[runtime-status] [29126] Trigger \"geocode\" has been found, beginning invocation!"}}
[info] i  functions: Beginning execution of "geocode" {"metadata":{"emulator":{"name":"functions"},"function":{"name":"geocode"},"message":"Beginning execution of \"geocode\""}}
[debug] [2021-04-01T03:15:48.092Z] [runtime-status] [29126] triggerDefinition {"httpsTrigger":{},"name":"geocode","entryPoint":"geocode"} {"metadata":{"emulator":{"name":"functions"},"function":{"name":"geocode"},"message":"[runtime-status] [29126] triggerDefinition {\"httpsTrigger\":{},\"name\":\"geocode\",\"entryPoint\":\"geocode\"}"}}
[debug] [2021-04-01T03:15:48.092Z] [runtime-status] [29126] Running geocode in mode HTTPS {"metadata":{"emulator":{"name":"functions"},"function":{"name":"geocode"},"message":"[runtime-status] [29126] Running geocode in mode HTTPS"}}
[debug] [2021-04-01T03:15:48.093Z] [runtime-status] [29126] Attempting to listen to socketPath: /var/folders/67/dcb8ynkd4j5b_hlshf8l5n880000gn/T/fire_emu_29126.sock {"metadata":{"emulator":{"name":"functions"},"function":{"name":"geocode"},"message":"[runtime-status] [29126] Attempting to listen to socketPath: /var/folders/67/dcb8ynkd4j5b_hlshf8l5n880000gn/T/fire_emu_29126.sock"}}
[debug] [2021-04-01T03:15:48.096Z] [functions] Runtime ready! Sending request! {"metadata":{"emulator":{"name":"functions"},"message":"[functions] Runtime ready! Sending request!"}}
[debug] [2021-04-01T03:15:48.097Z] [functions] Got req.url=/mealstogo-f924a/us-central1/geocode?city=san%20francisco, mapping to path=/?city=san%20francisco {"metadata":{"emulator":{"name":"functions"},"message":"[functions] Got req.url=/mealstogo-f924a/us-central1/geocode?city=san%20francisco, mapping to path=/?city=san%20francisco"}}
[debug] [2021-04-01T03:15:48.099Z] [runtime-status] [29126] Ephemeral server handling GET request {"metadata":{"emulator":{"name":"functions"},"function":{"name":"geocode"},"message":"[runtime-status] [29126] Ephemeral server handling GET request"}}
[debug] [2021-04-01T03:15:48.103Z] [runtime-status] [29126] Ephemeral server survived. {"metadata":{"emulator":{"name":"functions"},"function":{"name":"geocode"},"message":"[runtime-status] [29126] Ephemeral server survived."}}
[info] i  functions: Finished "geocode" in ~1s {"metadata":{"emulator":{"name":"functions"},"function":{"name":"geocode"},"message":"Finished \"geocode\" in ~1s"}}
[debug] [2021-04-01T03:15:48.104Z] [worker-geocode-4bd4b254-6bb9-4bba-b6ef-c4d0f4838e6e]: IDLE {"metadata":{"emulator":{"name":"functions"},"message":"[worker-geocode-4bd4b254-6bb9-4bba-b6ef-c4d0f4838e6e]: IDLE"}}
[debug] [2021-04-01T03:15:48.104Z] [work-queue] {"queueLength":0,"workRunningCount":0}
